2025-08-08 12:42:16,209 [Worker-2: Loading available Gradle versions] INFO  o.e.b.c.i.u.g.PublishedGradleVersions - Gradle version information cache is not available. Remote download required.
2025-08-08 12:43:30,116 [Worker-3: Import Getting Started Content] INFO  o.e.m.c.i.l.LifecycleMappingFactory - Using org.maven.ide.eclipse.wtp.WarLifecycleMapping lifecycle mapping for MavenProject: com.example:OWW:0.0.1-SNAPSHOT @ D:\OWW8.8\OWW\pom.xml.
2025-08-08 12:43:34,288 [Worker-3: Import Getting Started Content] INFO  o.e.m.j.i.AbstractJavaProjectConfigurator - Adding source folder /OWW/src/main/java
2025-08-08 12:43:34,289 [Worker-3: Import Getting Started Content] INFO  o.e.m.j.i.AbstractJavaProjectConfigurator - Adding resource folder /OWW/src/main/resources
2025-08-08 12:43:34,297 [Worker-3: Import Getting Started Content] INFO  o.e.m.j.i.AbstractJavaProjectConfigurator - Adding resource folder /OWW/src/main/resources
2025-08-08 12:43:34,305 [Worker-3: Import Getting Started Content] INFO  o.e.m.j.i.AbstractJavaProjectConfigurator - Adding source folder /OWW/src/test/java
2025-08-08 12:43:34,306 [Worker-3: Import Getting Started Content] INFO  o.e.m.j.i.AbstractJavaProjectConfigurator - Adding resource folder /OWW/src/test/resources
2025-08-08 12:43:38,764 [Worker-3: Import Getting Started Content] INFO  o.e.m.c.i.p.ProjectConfigurationManager - Imported and configured 1 project(s) in 12 sec
2025-08-08 12:43:38,768 [Worker-3: Import Getting Started Content] INFO  o.e.m.c.i.p.ProjectConfigurationManager - Update started
2025-08-08 12:43:39,177 [Worker-3: Import Getting Started Content] INFO  o.e.m.c.i.l.LifecycleMappingFactory - Using org.maven.ide.eclipse.wtp.WarLifecycleMapping lifecycle mapping for MavenProject: com.example:OWW:0.0.1-SNAPSHOT @ D:\OWW8.8\OWW\pom.xml.
2025-08-08 12:43:39,774 [Worker-3: Import Getting Started Content] INFO  o.e.m.j.i.AbstractJavaProjectConfigurator - Adding source folder /OWW/src/main/java
2025-08-08 12:43:39,775 [Worker-3: Import Getting Started Content] INFO  o.e.m.j.i.AbstractJavaProjectConfigurator - Adding resource folder /OWW/src/main/resources
2025-08-08 12:43:39,775 [Worker-3: Import Getting Started Content] INFO  o.e.m.j.i.AbstractJavaProjectConfigurator - Adding resource folder /OWW/src/main/resources
2025-08-08 12:43:39,776 [Worker-3: Import Getting Started Content] INFO  o.e.m.j.i.AbstractJavaProjectConfigurator - Adding source folder /OWW/src/test/java
2025-08-08 12:43:39,777 [Worker-3: Import Getting Started Content] INFO  o.e.m.j.i.AbstractJavaProjectConfigurator - Adding resource folder /OWW/src/test/resources
2025-08-08 12:43:40,634 [Worker-3: Import Getting Started Content] INFO  o.e.m.w.i.f.ResourceFilteringBuildParticipant - Cleaning filtered folder for OWW
2025-08-08 12:43:40,659 [Worker-3: Import Getting Started Content] INFO  o.e.m.c.i.p.ProjectConfigurationManager - Update completed for 1 poms: local refresh takes 0.00 sec, refresh facades takes 0.00 sec, update config takes 0.00 sec 
2025-08-08 12:43:41,773 [Worker-9: Building] INFO  o.a.m.s.f.DefaultMavenResourcesFiltering - Copying 1 resource from src\main\resources to target\classes
2025-08-08 12:43:41,810 [Worker-9: Building] INFO  o.a.m.s.f.DefaultMavenResourcesFiltering - Copying 0 resource from src\main\resources to target\classes
2025-08-08 12:43:41,818 [Worker-9: Building] INFO  o.a.m.s.f.DefaultMavenResourcesFiltering - skip non existing resourceDirectory D:\OWW8.8\OWW\src\test\resources
2025-08-08 12:43:41,819 [Worker-9: Building] INFO  o.e.m.w.i.f.ResourceFilteringBuildParticipant - Changed resources require a complete clean of filtered resources of OWW
2025-08-08 12:43:41,821 [Worker-9: Building] INFO  o.e.m.w.i.f.ResourceFilteringBuildParticipant - Executing resource filtering for OWW
2025-08-08 13:12:05,933 [Worker-2: Loading available Gradle versions] INFO  o.e.b.c.i.u.g.PublishedGradleVersions - Gradle version information cache is not available. Remote download required.
2025-08-08 13:12:52,503 [Worker-14: Update Maven projects configuration] INFO  o.e.m.c.i.p.ProjectConfigurationManager - Update started
2025-08-08 13:12:54,327 [Worker-14: Update Maven projects configuration] INFO  o.e.m.c.i.l.LifecycleMappingFactory - Using org.maven.ide.eclipse.wtp.WarLifecycleMapping lifecycle mapping for MavenProject: com.example:OWW:0.0.1-SNAPSHOT @ D:\PJsbworkspace\OWW\target\m2e-wtp\web-resources\META-INF\maven\com.example\OWW\pom.xml.
2025-08-08 13:12:57,043 [Worker-14: Update Maven projects configuration] INFO  o.e.m.j.i.AbstractJavaProjectConfigurator - Adding source folder /com.example_OWW/src/main/java
2025-08-08 13:12:57,046 [Worker-14: Update Maven projects configuration] INFO  o.e.m.j.i.AbstractJavaProjectConfigurator - Adding resource folder /com.example_OWW/src/main/resources
2025-08-08 13:12:57,048 [Worker-14: Update Maven projects configuration] INFO  o.e.m.j.i.AbstractJavaProjectConfigurator - Adding resource folder /com.example_OWW/src/main/resources
2025-08-08 13:12:57,048 [Worker-14: Update Maven projects configuration] INFO  o.e.m.j.i.AbstractJavaProjectConfigurator - Adding source folder /com.example_OWW/src/test/java
2025-08-08 13:12:57,049 [Worker-14: Update Maven projects configuration] INFO  o.e.m.j.i.AbstractJavaProjectConfigurator - Adding resource folder /com.example_OWW/src/test/resources
2025-08-08 13:12:58,160 [Worker-5: Building] INFO  o.a.m.s.f.DefaultMavenResourcesFiltering - skip non existing resourceDirectory D:\PJsbworkspace\OWW\target\m2e-wtp\web-resources\META-INF\maven\com.example\OWW\src\main\resources
2025-08-08 13:12:58,160 [Worker-5: Building] INFO  o.a.m.s.f.DefaultMavenResourcesFiltering - skip non existing resourceDirectory D:\PJsbworkspace\OWW\target\m2e-wtp\web-resources\META-INF\maven\com.example\OWW\src\main\resources
2025-08-08 13:12:58,166 [Worker-5: Building] INFO  o.a.m.s.f.DefaultMavenResourcesFiltering - skip non existing resourceDirectory D:\PJsbworkspace\OWW\target\m2e-wtp\web-resources\META-INF\maven\com.example\OWW\src\test\resources
2025-08-08 13:12:59,682 [Worker-14: Update Maven projects configuration] INFO  o.e.m.c.i.p.ProjectConfigurationManager - Update completed for 1 poms: local refresh takes 0.00 sec, refresh facades takes 3.00 sec, update config takes 3.00 sec 
2025-08-08 13:12:59,737 [Worker-3: Building] INFO  o.a.m.s.f.DefaultMavenResourcesFiltering - skip non existing resourceDirectory D:\PJsbworkspace\OWW\target\m2e-wtp\web-resources\META-INF\maven\com.example\OWW\src\main\resources
2025-08-08 13:12:59,738 [Worker-3: Building] INFO  o.a.m.s.f.DefaultMavenResourcesFiltering - skip non existing resourceDirectory D:\PJsbworkspace\OWW\target\m2e-wtp\web-resources\META-INF\maven\com.example\OWW\src\main\resources
2025-08-08 13:12:59,740 [Worker-3: Building] INFO  o.a.m.s.f.DefaultMavenResourcesFiltering - skip non existing resourceDirectory D:\PJsbworkspace\OWW\target\m2e-wtp\web-resources\META-INF\maven\com.example\OWW\src\test\resources
2025-08-08 13:13:00,827 [Worker-8: Building] INFO  o.a.m.s.f.DefaultMavenResourcesFiltering - skip non existing resourceDirectory D:\PJsbworkspace\OWW\target\m2e-wtp\web-resources\META-INF\maven\com.example\OWW\src\main\resources
2025-08-08 13:13:00,828 [Worker-8: Building] INFO  o.a.m.s.f.DefaultMavenResourcesFiltering - skip non existing resourceDirectory D:\PJsbworkspace\OWW\target\m2e-wtp\web-resources\META-INF\maven\com.example\OWW\src\main\resources
2025-08-08 13:13:00,831 [Worker-8: Building] INFO  o.a.m.s.f.DefaultMavenResourcesFiltering - skip non existing resourceDirectory D:\PJsbworkspace\OWW\target\m2e-wtp\web-resources\META-INF\maven\com.example\OWW\src\test\resources
2025-08-08 13:15:31,641 [Worker-1: Loading available Gradle versions] INFO  o.e.b.c.i.u.g.PublishedGradleVersions - Gradle version information cache is up-to-date. Trying to read.
